[2023-12-26 22:18:32]	<basic_search>	肖申克
[2023-12-27 13:59:30]	<basic_search>	肖申克的救赎
[2023-12-27 14:00:21]	<basic_search>	阿飞
[2023-12-27 16:28:00]	<basic_search>	肖申克的救赎
[2023-12-27 16:46:52]	<basic_search>	越南两位副总理
[2023-12-27 16:52:15]	<site_search>	[url]:douban.com	[query]:肖申克
[2023-12-27 16:52:15]	<basic_search>	肖申克
[2023-12-27 16:52:45]	<regexp_search>	肖(.*)
[2023-12-27 16:58:48]	<basic_search>	霸王别姬
[2023-12-27 16:59:00]	<basic_search>	霸王别姬
[2023-12-27 17:02:28]	<basic_search>	霸王别姬
[2023-12-27 18:24:20]	<basic_search>	肖申克的救赎
[2023-12-27 18:24:33]	<basic_search>	习近平
[2023-12-27 18:24:33]	<fuzz_search>	习近平
[2023-12-27 18:24:48]	<basic_search>	越南两位副总理
[2023-12-27 21:12:15]	<basic_search>	秦刚外长
[2023-12-27 21:12:42]	<basic_search>	python
[2023-12-27 21:12:56]	<basic_search>	os
[2023-12-27 21:13:06]	<basic_search>	阿甘
[2023-12-27 21:13:24]	<basic_search>	霸王别姬
[2023-12-27 21:13:42]	<basic_search>	java
[2023-12-27 21:14:06]	<basic_search>	病毒
[2023-12-27 21:14:20]	<basic_search>	内存
[2023-12-27 21:14:59]	<basic_search>	python
[2023-12-27 21:15:12]	<basic_search>	总理
[2023-12-27 21:15:35]	<basic_search>	肖申克
[2023-12-27 21:15:59]	<basic_search>	阿甘正传
[2023-12-27 21:16:09]	<basic_search>	霸王别姬
[2023-12-27 21:16:24]	<basic_search>	information
[2023-12-27 21:16:39]	<basic_search>	肖申克的救赎
[2023-12-27 21:17:10]	<basic_search>	秦刚外长
[2023-12-27 21:17:18]	<basic_search>	秦刚
[2023-12-27 21:17:42]	<basic_search>	秦刚
[2023-12-27 21:17:53]	<basic_search>	java
[2023-12-27 21:18:06]	<basic_search>	线程
[2023-12-27 21:44:03]	<basic_search>	python
[2023-12-27 21:44:52]	<basic_search>	python
[2023-12-27 21:45:14]	<basic_search>	python
[2023-12-27 21:45:24]	<basic_search>	肖申克
[2023-12-27 21:45:34]	<basic_search>	肖申克
[2023-12-27 21:46:30]	<phase_search>	肖申克的救赎
[2023-12-27 21:47:02]	<site_search>	[url]:douban.com	[query]:肖申克
[2023-12-27 21:47:02]	<basic_search>	肖申克
[2023-12-27 21:47:27]	<site_search>	[url]:book.douban.com	[query]:肖申克
[2023-12-27 21:47:27]	<basic_search>	肖申克
[2023-12-27 21:48:11]	<bool_search>	[must]:['肖申克']	[mustnot]:['救赎']	[should]:['肖']	[position]:['title', 'content']
[2023-12-27 21:48:29]	<bool_search>	[must]:['python']	[mustnot]:[]	[should]:[]	[position]:title
[2023-12-27 21:49:27]	<wildcard_search>	p?thon
[2023-12-27 21:49:42]	<regexp_search>	肖(.*)
[2023-12-27 21:52:31]	<basic_search>	information retrieval
[2023-12-27 21:52:46]	<basic_search>	秦刚外长
[2023-12-27 21:53:00]	<basic_search>	秦刚外长
[2023-12-27 21:53:06]	<basic_search>	秦刚外长
[2023-12-27 22:10:25]	<basic_search>	肖申克
[2023-12-27 22:11:07]	<basic_search>	python
